<?xml version="1.0" encoding="UTF-8"?>
<!-- Generated by org.testng.reporters.JUnitXMLReporter -->
<testsuite ignored="5" hostname="DESKTOP-C1US6VV" failures="0" tests="0" time="0.022" errors="0" timestamp="2024-09-28T18:43:20 IST">
  <testcase classname="tests.HomePageTest" name="searchForAMovie" time="0.0">
    <ignored/>
  </testcase> <!-- searchForAMovie -->
  <testcase classname="tests.HomePageTest" name="popularPageLinkCheck" time="0.0">
    <ignored/>
  </testcase> <!-- popularPageLinkCheck -->
  <testcase classname="tests.HomePageTest" name="homePageLinkCheck" time="0.0">
    <ignored/>
  </testcase> <!-- homePageLinkCheck -->
  <testcase classname="tests.HomePageTest" name="accountsPageLinkCheck" time="0.0">
    <ignored/>
  </testcase> <!-- accountsPageLinkCheck -->
  <testcase classname="tests.HomePageTest" name="isHomePageElementsDisplayed" time="0.0">
    <ignored/>
  </testcase> <!-- isHomePageElementsDisplayed -->
</testsuite>
