<?xml version="1.0" encoding="UTF-8"?>
<!-- Generated by org.testng.reporters.JUnitXMLReporter -->
<testsuite ignored="0" hostname="DESKTOP-C1US6VV" failures="0" tests="15" name="Chrome_Test_Suite" time="183.545" errors="0" timestamp="2024-09-28T20:24:55 IST">
  <testcase classname="tests.AccountsPageTest" name="isAccountPageElementsDisplayed" time="0.331"/>
  <testcase classname="tests.HomePageTest" name="isHomePageElementsDisplayed" time="3.127"/>
  <testcase classname="tests.LoginPageTest" name="loginPageElementsStatus" time="9.035"/>
  <testcase classname="tests.PopularPageTest" name="moviesDisplayStatus" time="1.263"/>
  <testcase classname="tests.AccountsPageTest" name="logoutFunctionality" time="0.137"/>
  <testcase classname="tests.HomePageTest" name="popularPageLinkCheck" time="1.611"/>
  <testcase classname="tests.LoginPageTest" name="welcome" time="6.017"/>
  <testcase classname="tests.HomePageTest" name="accountsPageLinkCheck" time="1.225"/>
  <testcase classname="tests.LoginPageTest" name="loginError" time="6.238"/>
  <testcase classname="tests.LoginPageTest" name="loginError" time="4.49"/>
  <testcase classname="tests.LoginPageTest" name="loginError" time="5.545"/>
  <testcase classname="tests.LoginPageTest" name="loginError" time="5.039"/>
  <testcase classname="tests.LoginPageTest" name="loginError" time="5.15"/>
  <testcase classname="tests.HomePageTest" name="homePageLinkCheck" time="1.522"/>
  <testcase classname="tests.HomePageTest" name="searchForAMovie" time="3.013"/>
</testsuite> <!-- Chrome_Test_Suite -->
