<?xml version="1.0" encoding="UTF-8"?>
<!-- Generated by org.testng.reporters.JUnitXMLReporter -->
<testsuite ignored="0" hostname="DESKTOP-C1US6VV" failures="0" tests="15" name="Edge_Test_Suite" time="257.27" errors="0" timestamp="2024-09-28T20:26:09 IST">
  <testcase classname="tests.AccountsPageTest" name="isAccountPageElementsDisplayed" time="0.422"/>
  <testcase classname="tests.HomePageTest" name="isHomePageElementsDisplayed" time="1.988"/>
  <testcase classname="tests.LoginPageTest" name="loginPageElementsStatus" time="8.935"/>
  <testcase classname="tests.PopularPageTest" name="moviesDisplayStatus" time="1.59"/>
  <testcase classname="tests.AccountsPageTest" name="logoutFunctionality" time="0.138"/>
  <testcase classname="tests.HomePageTest" name="popularPageLinkCheck" time="1.162"/>
  <testcase classname="tests.LoginPageTest" name="welcome" time="4.976"/>
  <testcase classname="tests.HomePageTest" name="accountsPageLinkCheck" time="1.216"/>
  <testcase classname="tests.LoginPageTest" name="loginError" time="6.321"/>
  <testcase classname="tests.LoginPageTest" name="loginError" time="4.909"/>
  <testcase classname="tests.LoginPageTest" name="loginError" time="11.341"/>
  <testcase classname="tests.LoginPageTest" name="loginError" time="5.017"/>
  <testcase classname="tests.LoginPageTest" name="loginError" time="4.932"/>
  <testcase classname="tests.HomePageTest" name="homePageLinkCheck" time="1.18"/>
  <testcase classname="tests.HomePageTest" name="searchForAMovie" time="3.029"/>
</testsuite> <!-- Edge_Test_Suite -->
