<?xml version="1.0" encoding="UTF-8"?>
<!-- Generated by org.testng.reporters.JUnitXMLReporter -->
<testsuite ignored="0" hostname="DESKTOP-C1US6VV" failures="0" tests="15" name="Firefox_Test_Suite" time="278.83" errors="0" timestamp="2024-09-28T20:26:31 IST">
  <testcase classname="tests.AccountsPageTest" name="isAccountPageElementsDisplayed" time="0.298"/>
  <testcase classname="tests.HomePageTest" name="isHomePageElementsDisplayed" time="4.752"/>
  <testcase classname="tests.LoginPageTest" name="loginPageElementsStatus" time="2.105"/>
  <testcase classname="tests.PopularPageTest" name="moviesDisplayStatus" time="1.092"/>
  <testcase classname="tests.AccountsPageTest" name="logoutFunctionality" time="0.25"/>
  <testcase classname="tests.HomePageTest" name="popularPageLinkCheck" time="1.692"/>
  <testcase classname="tests.LoginPageTest" name="welcome" time="2.46"/>
  <testcase classname="tests.HomePageTest" name="accountsPageLinkCheck" time="1.956"/>
  <testcase classname="tests.LoginPageTest" name="loginError" time="5.23"/>
  <testcase classname="tests.LoginPageTest" name="loginError" time="3.198"/>
  <testcase classname="tests.LoginPageTest" name="loginError" time="2.975"/>
  <testcase classname="tests.LoginPageTest" name="loginError" time="2.983"/>
  <testcase classname="tests.LoginPageTest" name="loginError" time="2.726"/>
  <testcase classname="tests.HomePageTest" name="homePageLinkCheck" time="1.316"/>
  <testcase classname="tests.HomePageTest" name="searchForAMovie" time="2.934"/>
</testsuite> <!-- Firefox_Test_Suite -->
