<?xml version="1.0" encoding="UTF-8"?>
<!-- Generated by org.testng.reporters.JUnitXMLReporter -->
<testsuite ignored="0" hostname="DESKTOP-C1US6VV" failures="0" tests="5" name="HomePageTest" time="103.245" errors="0" timestamp="2024-09-28T09:16:13 IST">
  <testcase classname="tests.HomePageTest" name="isHomePageElementsDisplayed" time="1.752"/>
  <testcase classname="tests.HomePageTest" name="popularPageLinkCheck" time="1.34"/>
  <testcase classname="tests.HomePageTest" name="accountsPageLinkCheck" time="6.718"/>
  <testcase classname="tests.HomePageTest" name="homePageLinkCheck" time="1.217"/>
  <testcase classname="tests.HomePageTest" name="searchForAMovie" time="4.114"/>
</testsuite> <!-- HomePageTest -->
