<?xml version="1.0" encoding="UTF-8"?>
<testng-results ignored="0" total="45" passed="45" failed="0" skipped="0">
  <reporter-output>
  </reporter-output>
  <suite started-at="2024-09-28T20:21:52 IST" name="All Test Suite" finished-at="2024-09-28T20:26:31 IST" duration-ms="278830">
    <groups>
    </groups>
    <test started-at="2024-09-28T20:21:52 IST" name="Chrome_Test_Suite" finished-at="2024-09-28T20:24:55 IST" duration-ms="183545">
      <class name="tests.PopularPageTest">
        <test-method is-config="true" signature="setUp(java.lang.String)[pri:0, instance:tests.PopularPageTest@4d0f2471]" started-at="2024-09-28T20:22:57 IST" name="setUp" finished-at="2024-09-28T20:23:12 IST" duration-ms="14679" status="PASS">
          <params>
            <param index="0">
              <value>
                <![CDATA[chrome]]>
              </value>
            </param>
          </params>
          <reporter-output>
          </reporter-output>
        </test-method> <!-- setUp -->
        <test-method signature="moviesDisplayStatus()[pri:1, instance:tests.PopularPageTest@4d0f2471]" started-at="2024-09-28T20:23:12 IST" name="moviesDisplayStatus" finished-at="2024-09-28T20:23:13 IST" duration-ms="1263" status="PASS">
          <reporter-output>
          </reporter-output>
        </test-method> <!-- moviesDisplayStatus -->
        <test-method is-config="true" signature="tearDown()[pri:0, instance:tests.PopularPageTest@4d0f2471]" started-at="2024-09-28T20:23:13 IST" name="tearDown" finished-at="2024-09-28T20:23:16 IST" duration-ms="3104" status="PASS">
          <reporter-output>
          </reporter-output>
        </test-method> <!-- tearDown -->
      </class> <!-- tests.PopularPageTest -->
      <class name="tests.HomePageTest">
        <test-method is-config="true" signature="setUp(java.lang.String)[pri:0, instance:tests.HomePageTest@34f5090e]" started-at="2024-09-28T20:22:20 IST" name="setUp" finished-at="2024-09-28T20:22:32 IST" duration-ms="12162" status="PASS">
          <params>
            <param index="0">
              <value>
                <![CDATA[chrome]]>
              </value>
            </param>
          </params>
          <reporter-output>
          </reporter-output>
        </test-method> <!-- setUp -->
        <test-method signature="isHomePageElementsDisplayed()[pri:1, instance:tests.HomePageTest@34f5090e]" started-at="2024-09-28T20:22:32 IST" name="isHomePageElementsDisplayed" finished-at="2024-09-28T20:22:35 IST" duration-ms="3127" status="PASS">
          <reporter-output>
          </reporter-output>
        </test-method> <!-- isHomePageElementsDisplayed -->
        <test-method is-config="true" signature="tearDown()[pri:0, instance:tests.HomePageTest@34f5090e]" started-at="2024-09-28T20:22:35 IST" name="tearDown" finished-at="2024-09-28T20:22:41 IST" duration-ms="5918" status="PASS">
          <reporter-output>
          </reporter-output>
        </test-method> <!-- tearDown -->
        <test-method is-config="true" signature="setUp(java.lang.String)[pri:0, instance:tests.HomePageTest@34f5090e]" started-at="2024-09-28T20:23:26 IST" name="setUp" finished-at="2024-09-28T20:23:34 IST" duration-ms="8446" status="PASS">
          <params>
            <param index="0">
              <value>
                <![CDATA[chrome]]>
              </value>
            </param>
          </params>
          <reporter-output>
          </reporter-output>
        </test-method> <!-- setUp -->
        <test-method signature="popularPageLinkCheck()[pri:2, instance:tests.HomePageTest@34f5090e]" started-at="2024-09-28T20:23:34 IST" name="popularPageLinkCheck" finished-at="2024-09-28T20:23:36 IST" duration-ms="1611" status="PASS">
          <reporter-output>
          </reporter-output>
        </test-method> <!-- popularPageLinkCheck -->
        <test-method is-config="true" signature="tearDown()[pri:0, instance:tests.HomePageTest@34f5090e]" started-at="2024-09-28T20:23:36 IST" name="tearDown" finished-at="2024-09-28T20:23:37 IST" duration-ms="1579" status="PASS">
          <reporter-output>
          </reporter-output>
        </test-method> <!-- tearDown -->
        <test-method is-config="true" signature="setUp(java.lang.String)[pri:0, instance:tests.HomePageTest@34f5090e]" started-at="2024-09-28T20:23:47 IST" name="setUp" finished-at="2024-09-28T20:23:55 IST" duration-ms="8196" status="PASS">
          <params>
            <param index="0">
              <value>
                <![CDATA[chrome]]>
              </value>
            </param>
          </params>
          <reporter-output>
          </reporter-output>
        </test-method> <!-- setUp -->
        <test-method signature="accountsPageLinkCheck()[pri:3, instance:tests.HomePageTest@34f5090e]" started-at="2024-09-28T20:23:55 IST" name="accountsPageLinkCheck" finished-at="2024-09-28T20:23:56 IST" duration-ms="1225" status="PASS">
          <reporter-output>
          </reporter-output>
        </test-method> <!-- accountsPageLinkCheck -->
        <test-method is-config="true" signature="tearDown()[pri:0, instance:tests.HomePageTest@34f5090e]" started-at="2024-09-28T20:23:56 IST" name="tearDown" finished-at="2024-09-28T20:23:57 IST" duration-ms="738" status="PASS">
          <reporter-output>
          </reporter-output>
        </test-method> <!-- tearDown -->
        <test-method is-config="true" signature="setUp(java.lang.String)[pri:0, instance:tests.HomePageTest@34f5090e]" started-at="2024-09-28T20:24:38 IST" name="setUp" finished-at="2024-09-28T20:24:43 IST" duration-ms="5156" status="PASS">
          <params>
            <param index="0">
              <value>
                <![CDATA[chrome]]>
              </value>
            </param>
          </params>
          <reporter-output>
          </reporter-output>
        </test-method> <!-- setUp -->
        <test-method signature="homePageLinkCheck()[pri:4, instance:tests.HomePageTest@34f5090e]" started-at="2024-09-28T20:24:43 IST" name="homePageLinkCheck" finished-at="2024-09-28T20:24:45 IST" duration-ms="1522" status="PASS">
          <reporter-output>
          </reporter-output>
        </test-method> <!-- homePageLinkCheck -->
        <test-method is-config="true" signature="tearDown()[pri:0, instance:tests.HomePageTest@34f5090e]" started-at="2024-09-28T20:24:45 IST" name="tearDown" finished-at="2024-09-28T20:24:46 IST" duration-ms="1355" status="PASS">
          <reporter-output>
          </reporter-output>
        </test-method> <!-- tearDown -->
        <test-method is-config="true" signature="setUp(java.lang.String)[pri:0, instance:tests.HomePageTest@34f5090e]" started-at="2024-09-28T20:24:46 IST" name="setUp" finished-at="2024-09-28T20:24:51 IST" duration-ms="5254" status="PASS">
          <params>
            <param index="0">
              <value>
                <![CDATA[chrome]]>
              </value>
            </param>
          </params>
          <reporter-output>
          </reporter-output>
        </test-method> <!-- setUp -->
        <test-method signature="searchForAMovie()[pri:5, instance:tests.HomePageTest@34f5090e]" started-at="2024-09-28T20:24:51 IST" name="searchForAMovie" finished-at="2024-09-28T20:24:54 IST" duration-ms="3013" status="PASS">
          <reporter-output>
          </reporter-output>
        </test-method> <!-- searchForAMovie -->
        <test-method is-config="true" signature="tearDown()[pri:0, instance:tests.HomePageTest@34f5090e]" started-at="2024-09-28T20:24:54 IST" name="tearDown" finished-at="2024-09-28T20:24:55 IST" duration-ms="958" status="PASS">
          <reporter-output>
          </reporter-output>
        </test-method> <!-- tearDown -->
      </class> <!-- tests.HomePageTest -->
      <class name="tests.AccountsPageTest">
        <test-method is-config="true" signature="setUp(java.lang.String)[pri:0, instance:tests.AccountsPageTest@7133da86]" started-at="2024-09-28T20:21:52 IST" name="setUp" finished-at="2024-09-28T20:22:15 IST" duration-ms="22823" status="PASS">
          <params>
            <param index="0">
              <value>
                <![CDATA[chrome]]>
              </value>
            </param>
          </params>
          <reporter-output>
          </reporter-output>
        </test-method> <!-- setUp -->
        <test-method signature="isAccountPageElementsDisplayed()[pri:1, instance:tests.AccountsPageTest@7133da86]" started-at="2024-09-28T20:22:15 IST" name="isAccountPageElementsDisplayed" finished-at="2024-09-28T20:22:15 IST" duration-ms="331" status="PASS">
          <reporter-output>
          </reporter-output>
        </test-method> <!-- isAccountPageElementsDisplayed -->
        <test-method is-config="true" signature="tearDown()[pri:0, instance:tests.AccountsPageTest@7133da86]" started-at="2024-09-28T20:22:15 IST" name="tearDown" finished-at="2024-09-28T20:22:20 IST" duration-ms="4783" status="PASS">
          <reporter-output>
          </reporter-output>
        </test-method> <!-- tearDown -->
        <test-method is-config="true" signature="setUp(java.lang.String)[pri:0, instance:tests.AccountsPageTest@7133da86]" started-at="2024-09-28T20:23:16 IST" name="setUp" finished-at="2024-09-28T20:23:24 IST" duration-ms="8220" status="PASS">
          <params>
            <param index="0">
              <value>
                <![CDATA[chrome]]>
              </value>
            </param>
          </params>
          <reporter-output>
          </reporter-output>
        </test-method> <!-- setUp -->
        <test-method signature="logoutFunctionality()[pri:2, instance:tests.AccountsPageTest@7133da86]" started-at="2024-09-28T20:23:24 IST" name="logoutFunctionality" finished-at="2024-09-28T20:23:24 IST" duration-ms="137" status="PASS">
          <reporter-output>
          </reporter-output>
        </test-method> <!-- logoutFunctionality -->
        <test-method is-config="true" signature="tearDown()[pri:0, instance:tests.AccountsPageTest@7133da86]" started-at="2024-09-28T20:23:24 IST" name="tearDown" finished-at="2024-09-28T20:23:26 IST" duration-ms="1250" status="PASS">
          <reporter-output>
          </reporter-output>
        </test-method> <!-- tearDown -->
      </class> <!-- tests.AccountsPageTest -->
      <class name="tests.LoginPageTest">
        <test-method is-config="true" signature="setUp(java.lang.String)[pri:0, instance:tests.LoginPageTest@32ee6fee]" started-at="2024-09-28T20:22:41 IST" name="setUp" finished-at="2024-09-28T20:22:43 IST" duration-ms="1670" status="PASS">
          <params>
            <param index="0">
              <value>
                <![CDATA[chrome]]>
              </value>
            </param>
          </params>
          <reporter-output>
          </reporter-output>
        </test-method> <!-- setUp -->
        <test-method signature="loginPageElementsStatus()[pri:1, instance:tests.LoginPageTest@32ee6fee]" started-at="2024-09-28T20:22:43 IST" name="loginPageElementsStatus" finished-at="2024-09-28T20:22:52 IST" duration-ms="9035" status="PASS">
          <reporter-output>
          </reporter-output>
        </test-method> <!-- loginPageElementsStatus -->
        <test-method is-config="true" signature="tearDown()[pri:0, instance:tests.LoginPageTest@32ee6fee]" started-at="2024-09-28T20:22:52 IST" name="tearDown" finished-at="2024-09-28T20:22:57 IST" duration-ms="5284" status="PASS">
          <reporter-output>
          </reporter-output>
        </test-method> <!-- tearDown -->
        <test-method is-config="true" signature="setUp(java.lang.String)[pri:0, instance:tests.LoginPageTest@32ee6fee]" started-at="2024-09-28T20:23:37 IST" name="setUp" finished-at="2024-09-28T20:23:40 IST" duration-ms="2460" status="PASS">
          <params>
            <param index="0">
              <value>
                <![CDATA[chrome]]>
              </value>
            </param>
          </params>
          <reporter-output>
          </reporter-output>
        </test-method> <!-- setUp -->
        <test-method signature="welcome()[pri:2, instance:tests.LoginPageTest@32ee6fee]" started-at="2024-09-28T20:23:40 IST" name="welcome" finished-at="2024-09-28T20:23:46 IST" duration-ms="6017" status="PASS">
          <reporter-output>
          </reporter-output>
        </test-method> <!-- welcome -->
        <test-method is-config="true" signature="tearDown()[pri:0, instance:tests.LoginPageTest@32ee6fee]" started-at="2024-09-28T20:23:46 IST" name="tearDown" finished-at="2024-09-28T20:23:47 IST" duration-ms="1179" status="PASS">
          <reporter-output>
          </reporter-output>
        </test-method> <!-- tearDown -->
        <test-method is-config="true" signature="setUp(java.lang.String)[pri:0, instance:tests.LoginPageTest@32ee6fee]" started-at="2024-09-28T20:23:57 IST" name="setUp" finished-at="2024-09-28T20:24:00 IST" duration-ms="2449" status="PASS">
          <params>
            <param index="0">
              <value>
                <![CDATA[chrome]]>
              </value>
            </param>
          </params>
          <reporter-output>
          </reporter-output>
        </test-method> <!-- setUp -->
        <test-method signature="loginError(java.lang.String,java.lang.String)[pri:3, instance:tests.LoginPageTest@32ee6fee]" started-at="2024-09-28T20:24:00 IST" name="loginError" data-provider="loginData" finished-at="2024-09-28T20:24:06 IST" duration-ms="6238" status="PASS">
          <params>
            <param index="0">
              <value>
                <![CDATA[rahul]]>
              </value>
            </param>
            <param index="1">
              <value>
                <![CDATA[rahul@2022]]>
              </value>
            </param>
          </params>
          <reporter-output>
          </reporter-output>
        </test-method> <!-- loginError -->
        <test-method is-config="true" signature="tearDown()[pri:0, instance:tests.LoginPageTest@32ee6fee]" started-at="2024-09-28T20:24:06 IST" name="tearDown" finished-at="2024-09-28T20:24:07 IST" duration-ms="922" status="PASS">
          <reporter-output>
          </reporter-output>
        </test-method> <!-- tearDown -->
        <test-method is-config="true" signature="setUp(java.lang.String)[pri:0, instance:tests.LoginPageTest@32ee6fee]" started-at="2024-09-28T20:24:07 IST" name="setUp" finished-at="2024-09-28T20:24:09 IST" duration-ms="2223" status="PASS">
          <params>
            <param index="0">
              <value>
                <![CDATA[chrome]]>
              </value>
            </param>
          </params>
          <reporter-output>
          </reporter-output>
        </test-method> <!-- setUp -->
        <test-method signature="loginError(java.lang.String,java.lang.String)[pri:3, instance:tests.LoginPageTest@32ee6fee]" started-at="2024-09-28T20:24:09 IST" name="loginError" data-provider="loginData" finished-at="2024-09-28T20:24:13 IST" duration-ms="4490" status="PASS">
          <params>
            <param index="0">
              <value>
                <![CDATA[rahu]]>
              </value>
            </param>
            <param index="1">
              <value>
                <![CDATA[rahul@2021]]>
              </value>
            </param>
          </params>
          <reporter-output>
          </reporter-output>
        </test-method> <!-- loginError -->
        <test-method is-config="true" signature="tearDown()[pri:0, instance:tests.LoginPageTest@32ee6fee]" started-at="2024-09-28T20:24:13 IST" name="tearDown" finished-at="2024-09-28T20:24:14 IST" duration-ms="889" status="PASS">
          <reporter-output>
          </reporter-output>
        </test-method> <!-- tearDown -->
        <test-method is-config="true" signature="setUp(java.lang.String)[pri:0, instance:tests.LoginPageTest@32ee6fee]" started-at="2024-09-28T20:24:14 IST" name="setUp" finished-at="2024-09-28T20:24:16 IST" duration-ms="1606" status="PASS">
          <params>
            <param index="0">
              <value>
                <![CDATA[chrome]]>
              </value>
            </param>
          </params>
          <reporter-output>
          </reporter-output>
        </test-method> <!-- setUp -->
        <test-method signature="loginError(java.lang.String,java.lang.String)[pri:3, instance:tests.LoginPageTest@32ee6fee]" started-at="2024-09-28T20:24:16 IST" name="loginError" data-provider="loginData" finished-at="2024-09-28T20:24:22 IST" duration-ms="5545" status="PASS">
          <params>
            <param index="0">
              <value>
                <![CDATA[]]>
              </value>
            </param>
            <param index="1">
              <value>
                <![CDATA[rahul@2021]]>
              </value>
            </param>
          </params>
          <reporter-output>
          </reporter-output>
        </test-method> <!-- loginError -->
        <test-method is-config="true" signature="tearDown()[pri:0, instance:tests.LoginPageTest@32ee6fee]" started-at="2024-09-28T20:24:22 IST" name="tearDown" finished-at="2024-09-28T20:24:22 IST" duration-ms="735" status="PASS">
          <reporter-output>
          </reporter-output>
        </test-method> <!-- tearDown -->
        <test-method is-config="true" signature="setUp(java.lang.String)[pri:0, instance:tests.LoginPageTest@32ee6fee]" started-at="2024-09-28T20:24:22 IST" name="setUp" finished-at="2024-09-28T20:24:24 IST" duration-ms="1747" status="PASS">
          <params>
            <param index="0">
              <value>
                <![CDATA[chrome]]>
              </value>
            </param>
          </params>
          <reporter-output>
          </reporter-output>
        </test-method> <!-- setUp -->
        <test-method signature="loginError(java.lang.String,java.lang.String)[pri:3, instance:tests.LoginPageTest@32ee6fee]" started-at="2024-09-28T20:24:24 IST" name="loginError" data-provider="loginData" finished-at="2024-09-28T20:24:29 IST" duration-ms="5039" status="PASS">
          <params>
            <param index="0">
              <value>
                <![CDATA[rahul]]>
              </value>
            </param>
            <param index="1">
              <value>
                <![CDATA[]]>
              </value>
            </param>
          </params>
          <reporter-output>
          </reporter-output>
        </test-method> <!-- loginError -->
        <test-method is-config="true" signature="tearDown()[pri:0, instance:tests.LoginPageTest@32ee6fee]" started-at="2024-09-28T20:24:29 IST" name="tearDown" finished-at="2024-09-28T20:24:31 IST" duration-ms="1439" status="PASS">
          <reporter-output>
          </reporter-output>
        </test-method> <!-- tearDown -->
        <test-method is-config="true" signature="setUp(java.lang.String)[pri:0, instance:tests.LoginPageTest@32ee6fee]" started-at="2024-09-28T20:24:31 IST" name="setUp" finished-at="2024-09-28T20:24:32 IST" duration-ms="1549" status="PASS">
          <params>
            <param index="0">
              <value>
                <![CDATA[chrome]]>
              </value>
            </param>
          </params>
          <reporter-output>
          </reporter-output>
        </test-method> <!-- setUp -->
        <test-method signature="loginError(java.lang.String,java.lang.String)[pri:3, instance:tests.LoginPageTest@32ee6fee]" started-at="2024-09-28T20:24:32 IST" name="loginError" data-provider="loginData" finished-at="2024-09-28T20:24:37 IST" duration-ms="5150" status="PASS">
          <params>
            <param index="0">
              <value>
                <![CDATA[]]>
              </value>
            </param>
            <param index="1">
              <value>
                <![CDATA[]]>
              </value>
            </param>
          </params>
          <reporter-output>
          </reporter-output>
        </test-method> <!-- loginError -->
        <test-method is-config="true" signature="tearDown()[pri:0, instance:tests.LoginPageTest@32ee6fee]" started-at="2024-09-28T20:24:37 IST" name="tearDown" finished-at="2024-09-28T20:24:38 IST" duration-ms="898" status="PASS">
          <reporter-output>
          </reporter-output>
        </test-method> <!-- tearDown -->
      </class> <!-- tests.LoginPageTest -->
    </test> <!-- Chrome_Test_Suite -->
    <test started-at="2024-09-28T20:21:52 IST" name="Edge_Test_Suite" finished-at="2024-09-28T20:26:09 IST" duration-ms="257270">
      <class name="tests.PopularPageTest">
        <test-method is-config="true" signature="setUp(java.lang.String)[pri:0, instance:tests.PopularPageTest@3e11f9e9]" started-at="2024-09-28T20:23:16 IST" name="setUp" finished-at="2024-09-28T20:23:28 IST" duration-ms="11913" status="PASS">
          <params>
            <param index="0">
              <value>
                <![CDATA[edge]]>
              </value>
            </param>
          </params>
          <reporter-output>
          </reporter-output>
        </test-method> <!-- setUp -->
        <test-method signature="moviesDisplayStatus()[pri:1, instance:tests.PopularPageTest@3e11f9e9]" started-at="2024-09-28T20:23:28 IST" name="moviesDisplayStatus" finished-at="2024-09-28T20:23:30 IST" duration-ms="1590" status="PASS">
          <reporter-output>
          </reporter-output>
        </test-method> <!-- moviesDisplayStatus -->
        <test-method is-config="true" signature="tearDown()[pri:0, instance:tests.PopularPageTest@3e11f9e9]" started-at="2024-09-28T20:23:30 IST" name="tearDown" finished-at="2024-09-28T20:23:31 IST" duration-ms="1438" status="PASS">
          <reporter-output>
          </reporter-output>
        </test-method> <!-- tearDown -->
      </class> <!-- tests.PopularPageTest -->
      <class name="tests.HomePageTest">
        <test-method is-config="true" signature="setUp(java.lang.String)[pri:0, instance:tests.HomePageTest@316bcf94]" started-at="2024-09-28T20:22:34 IST" name="setUp" finished-at="2024-09-28T20:22:50 IST" duration-ms="15940" status="PASS">
          <params>
            <param index="0">
              <value>
                <![CDATA[edge]]>
              </value>
            </param>
          </params>
          <reporter-output>
          </reporter-output>
        </test-method> <!-- setUp -->
        <test-method signature="isHomePageElementsDisplayed()[pri:1, instance:tests.HomePageTest@316bcf94]" started-at="2024-09-28T20:22:50 IST" name="isHomePageElementsDisplayed" finished-at="2024-09-28T20:22:51 IST" duration-ms="1988" status="PASS">
          <reporter-output>
          </reporter-output>
        </test-method> <!-- isHomePageElementsDisplayed -->
        <test-method is-config="true" signature="tearDown()[pri:0, instance:tests.HomePageTest@316bcf94]" started-at="2024-09-28T20:22:51 IST" name="tearDown" finished-at="2024-09-28T20:22:57 IST" duration-ms="5530" status="PASS">
          <reporter-output>
          </reporter-output>
        </test-method> <!-- tearDown -->
        <test-method is-config="true" signature="setUp(java.lang.String)[pri:0, instance:tests.HomePageTest@316bcf94]" started-at="2024-09-28T20:23:55 IST" name="setUp" finished-at="2024-09-28T20:24:07 IST" duration-ms="11145" status="PASS">
          <params>
            <param index="0">
              <value>
                <![CDATA[edge]]>
              </value>
            </param>
          </params>
          <reporter-output>
          </reporter-output>
        </test-method> <!-- setUp -->
        <test-method signature="popularPageLinkCheck()[pri:2, instance:tests.HomePageTest@316bcf94]" started-at="2024-09-28T20:24:07 IST" name="popularPageLinkCheck" finished-at="2024-09-28T20:24:08 IST" duration-ms="1162" status="PASS">
          <reporter-output>
          </reporter-output>
        </test-method> <!-- popularPageLinkCheck -->
        <test-method is-config="true" signature="tearDown()[pri:0, instance:tests.HomePageTest@316bcf94]" started-at="2024-09-28T20:24:08 IST" name="tearDown" finished-at="2024-09-28T20:24:14 IST" duration-ms="5972" status="PASS">
          <reporter-output>
          </reporter-output>
        </test-method> <!-- tearDown -->
        <test-method is-config="true" signature="setUp(java.lang.String)[pri:0, instance:tests.HomePageTest@316bcf94]" started-at="2024-09-28T20:24:25 IST" name="setUp" finished-at="2024-09-28T20:24:36 IST" duration-ms="11036" status="PASS">
          <params>
            <param index="0">
              <value>
                <![CDATA[edge]]>
              </value>
            </param>
          </params>
          <reporter-output>
          </reporter-output>
        </test-method> <!-- setUp -->
        <test-method signature="accountsPageLinkCheck()[pri:3, instance:tests.HomePageTest@316bcf94]" started-at="2024-09-28T20:24:36 IST" name="accountsPageLinkCheck" finished-at="2024-09-28T20:24:37 IST" duration-ms="1216" status="PASS">
          <reporter-output>
          </reporter-output>
        </test-method> <!-- accountsPageLinkCheck -->
        <test-method is-config="true" signature="tearDown()[pri:0, instance:tests.HomePageTest@316bcf94]" started-at="2024-09-28T20:24:37 IST" name="tearDown" finished-at="2024-09-28T20:24:41 IST" duration-ms="3915" status="PASS">
          <reporter-output>
          </reporter-output>
        </test-method> <!-- tearDown -->
        <test-method is-config="true" signature="setUp(java.lang.String)[pri:0, instance:tests.HomePageTest@316bcf94]" started-at="2024-09-28T20:25:44 IST" name="setUp" finished-at="2024-09-28T20:25:53 IST" duration-ms="8673" status="PASS">
          <params>
            <param index="0">
              <value>
                <![CDATA[edge]]>
              </value>
            </param>
          </params>
          <reporter-output>
          </reporter-output>
        </test-method> <!-- setUp -->
        <test-method signature="homePageLinkCheck()[pri:4, instance:tests.HomePageTest@316bcf94]" started-at="2024-09-28T20:25:53 IST" name="homePageLinkCheck" finished-at="2024-09-28T20:25:54 IST" duration-ms="1180" status="PASS">
          <reporter-output>
          </reporter-output>
        </test-method> <!-- homePageLinkCheck -->
        <test-method is-config="true" signature="tearDown()[pri:0, instance:tests.HomePageTest@316bcf94]" started-at="2024-09-28T20:25:54 IST" name="tearDown" finished-at="2024-09-28T20:25:55 IST" duration-ms="1367" status="PASS">
          <reporter-output>
          </reporter-output>
        </test-method> <!-- tearDown -->
        <test-method is-config="true" signature="setUp(java.lang.String)[pri:0, instance:tests.HomePageTest@316bcf94]" started-at="2024-09-28T20:25:55 IST" name="setUp" finished-at="2024-09-28T20:26:04 IST" duration-ms="8119" status="PASS">
          <params>
            <param index="0">
              <value>
                <![CDATA[edge]]>
              </value>
            </param>
          </params>
          <reporter-output>
          </reporter-output>
        </test-method> <!-- setUp -->
        <test-method signature="searchForAMovie()[pri:5, instance:tests.HomePageTest@316bcf94]" started-at="2024-09-28T20:26:04 IST" name="searchForAMovie" finished-at="2024-09-28T20:26:07 IST" duration-ms="3029" status="PASS">
          <reporter-output>
          </reporter-output>
        </test-method> <!-- searchForAMovie -->
        <test-method is-config="true" signature="tearDown()[pri:0, instance:tests.HomePageTest@316bcf94]" started-at="2024-09-28T20:26:07 IST" name="tearDown" finished-at="2024-09-28T20:26:09 IST" duration-ms="2542" status="PASS">
          <reporter-output>
          </reporter-output>
        </test-method> <!-- tearDown -->
      </class> <!-- tests.HomePageTest -->
      <class name="tests.AccountsPageTest">
        <test-method is-config="true" signature="setUp(java.lang.String)[pri:0, instance:tests.AccountsPageTest@1de5f259]" started-at="2024-09-28T20:21:52 IST" name="setUp" finished-at="2024-09-28T20:22:23 IST" duration-ms="31118" status="PASS">
          <params>
            <param index="0">
              <value>
                <![CDATA[edge]]>
              </value>
            </param>
          </params>
          <reporter-output>
          </reporter-output>
        </test-method> <!-- setUp -->
        <test-method signature="isAccountPageElementsDisplayed()[pri:1, instance:tests.AccountsPageTest@1de5f259]" started-at="2024-09-28T20:22:23 IST" name="isAccountPageElementsDisplayed" finished-at="2024-09-28T20:22:23 IST" duration-ms="422" status="PASS">
          <reporter-output>
          </reporter-output>
        </test-method> <!-- isAccountPageElementsDisplayed -->
        <test-method is-config="true" signature="tearDown()[pri:0, instance:tests.AccountsPageTest@1de5f259]" started-at="2024-09-28T20:22:23 IST" name="tearDown" finished-at="2024-09-28T20:22:34 IST" duration-ms="10144" status="PASS">
          <reporter-output>
          </reporter-output>
        </test-method> <!-- tearDown -->
        <test-method is-config="true" signature="setUp(java.lang.String)[pri:0, instance:tests.AccountsPageTest@1de5f259]" started-at="2024-09-28T20:23:31 IST" name="setUp" finished-at="2024-09-28T20:23:48 IST" duration-ms="16282" status="PASS">
          <params>
            <param index="0">
              <value>
                <![CDATA[edge]]>
              </value>
            </param>
          </params>
          <reporter-output>
          </reporter-output>
        </test-method> <!-- setUp -->
        <test-method signature="logoutFunctionality()[pri:2, instance:tests.AccountsPageTest@1de5f259]" started-at="2024-09-28T20:23:48 IST" name="logoutFunctionality" finished-at="2024-09-28T20:23:48 IST" duration-ms="138" status="PASS">
          <reporter-output>
          </reporter-output>
        </test-method> <!-- logoutFunctionality -->
        <test-method is-config="true" signature="tearDown()[pri:0, instance:tests.AccountsPageTest@1de5f259]" started-at="2024-09-28T20:23:48 IST" name="tearDown" finished-at="2024-09-28T20:23:55 IST" duration-ms="7779" status="PASS">
          <reporter-output>
          </reporter-output>
        </test-method> <!-- tearDown -->
      </class> <!-- tests.AccountsPageTest -->
      <class name="tests.LoginPageTest">
        <test-method is-config="true" signature="setUp(java.lang.String)[pri:0, instance:tests.LoginPageTest@6404f418]" started-at="2024-09-28T20:22:57 IST" name="setUp" finished-at="2024-09-28T20:23:04 IST" duration-ms="6679" status="PASS">
          <params>
            <param index="0">
              <value>
                <![CDATA[edge]]>
              </value>
            </param>
          </params>
          <reporter-output>
          </reporter-output>
        </test-method> <!-- setUp -->
        <test-method signature="loginPageElementsStatus()[pri:1, instance:tests.LoginPageTest@6404f418]" started-at="2024-09-28T20:23:04 IST" name="loginPageElementsStatus" finished-at="2024-09-28T20:23:13 IST" duration-ms="8935" status="PASS">
          <reporter-output>
          </reporter-output>
        </test-method> <!-- loginPageElementsStatus -->
        <test-method is-config="true" signature="tearDown()[pri:0, instance:tests.LoginPageTest@6404f418]" started-at="2024-09-28T20:23:13 IST" name="tearDown" finished-at="2024-09-28T20:23:16 IST" duration-ms="3654" status="PASS">
          <reporter-output>
          </reporter-output>
        </test-method> <!-- tearDown -->
        <test-method is-config="true" signature="setUp(java.lang.String)[pri:0, instance:tests.LoginPageTest@6404f418]" started-at="2024-09-28T20:24:14 IST" name="setUp" finished-at="2024-09-28T20:24:18 IST" duration-ms="4235" status="PASS">
          <params>
            <param index="0">
              <value>
                <![CDATA[edge]]>
              </value>
            </param>
          </params>
          <reporter-output>
          </reporter-output>
        </test-method> <!-- setUp -->
        <test-method signature="welcome()[pri:2, instance:tests.LoginPageTest@6404f418]" started-at="2024-09-28T20:24:18 IST" name="welcome" finished-at="2024-09-28T20:24:23 IST" duration-ms="4976" status="PASS">
          <reporter-output>
          </reporter-output>
        </test-method> <!-- welcome -->
        <test-method is-config="true" signature="tearDown()[pri:0, instance:tests.LoginPageTest@6404f418]" started-at="2024-09-28T20:24:23 IST" name="tearDown" finished-at="2024-09-28T20:24:25 IST" duration-ms="2162" status="PASS">
          <reporter-output>
          </reporter-output>
        </test-method> <!-- tearDown -->
        <test-method is-config="true" signature="setUp(java.lang.String)[pri:0, instance:tests.LoginPageTest@6404f418]" started-at="2024-09-28T20:24:41 IST" name="setUp" finished-at="2024-09-28T20:24:45 IST" duration-ms="3658" status="PASS">
          <params>
            <param index="0">
              <value>
                <![CDATA[edge]]>
              </value>
            </param>
          </params>
          <reporter-output>
          </reporter-output>
        </test-method> <!-- setUp -->
        <test-method signature="loginError(java.lang.String,java.lang.String)[pri:3, instance:tests.LoginPageTest@6404f418]" started-at="2024-09-28T20:24:45 IST" name="loginError" data-provider="loginData" finished-at="2024-09-28T20:24:51 IST" duration-ms="6321" status="PASS">
          <params>
            <param index="0">
              <value>
                <![CDATA[rahul]]>
              </value>
            </param>
            <param index="1">
              <value>
                <![CDATA[rahul@2022]]>
              </value>
            </param>
          </params>
          <reporter-output>
          </reporter-output>
        </test-method> <!-- loginError -->
        <test-method is-config="true" signature="tearDown()[pri:0, instance:tests.LoginPageTest@6404f418]" started-at="2024-09-28T20:24:51 IST" name="tearDown" finished-at="2024-09-28T20:24:53 IST" duration-ms="1510" status="PASS">
          <reporter-output>
          </reporter-output>
        </test-method> <!-- tearDown -->
        <test-method is-config="true" signature="setUp(java.lang.String)[pri:0, instance:tests.LoginPageTest@6404f418]" started-at="2024-09-28T20:24:53 IST" name="setUp" finished-at="2024-09-28T20:24:56 IST" duration-ms="3325" status="PASS">
          <params>
            <param index="0">
              <value>
                <![CDATA[edge]]>
              </value>
            </param>
          </params>
          <reporter-output>
          </reporter-output>
        </test-method> <!-- setUp -->
        <test-method signature="loginError(java.lang.String,java.lang.String)[pri:3, instance:tests.LoginPageTest@6404f418]" started-at="2024-09-28T20:24:56 IST" name="loginError" data-provider="loginData" finished-at="2024-09-28T20:25:01 IST" duration-ms="4909" status="PASS">
          <params>
            <param index="0">
              <value>
                <![CDATA[rahu]]>
              </value>
            </param>
            <param index="1">
              <value>
                <![CDATA[rahul@2021]]>
              </value>
            </param>
          </params>
          <reporter-output>
          </reporter-output>
        </test-method> <!-- loginError -->
        <test-method is-config="true" signature="tearDown()[pri:0, instance:tests.LoginPageTest@6404f418]" started-at="2024-09-28T20:25:01 IST" name="tearDown" finished-at="2024-09-28T20:25:03 IST" duration-ms="1552" status="PASS">
          <reporter-output>
          </reporter-output>
        </test-method> <!-- tearDown -->
        <test-method is-config="true" signature="setUp(java.lang.String)[pri:0, instance:tests.LoginPageTest@6404f418]" started-at="2024-09-28T20:25:03 IST" name="setUp" finished-at="2024-09-28T20:25:06 IST" duration-ms="3651" status="PASS">
          <params>
            <param index="0">
              <value>
                <![CDATA[edge]]>
              </value>
            </param>
          </params>
          <reporter-output>
          </reporter-output>
        </test-method> <!-- setUp -->
        <test-method signature="loginError(java.lang.String,java.lang.String)[pri:3, instance:tests.LoginPageTest@6404f418]" started-at="2024-09-28T20:25:06 IST" name="loginError" data-provider="loginData" finished-at="2024-09-28T20:25:18 IST" duration-ms="11341" status="PASS">
          <params>
            <param index="0">
              <value>
                <![CDATA[]]>
              </value>
            </param>
            <param index="1">
              <value>
                <![CDATA[rahul@2021]]>
              </value>
            </param>
          </params>
          <reporter-output>
          </reporter-output>
        </test-method> <!-- loginError -->
        <test-method is-config="true" signature="tearDown()[pri:0, instance:tests.LoginPageTest@6404f418]" started-at="2024-09-28T20:25:18 IST" name="tearDown" finished-at="2024-09-28T20:25:25 IST" duration-ms="7713" status="PASS">
          <reporter-output>
          </reporter-output>
        </test-method> <!-- tearDown -->
        <test-method is-config="true" signature="setUp(java.lang.String)[pri:0, instance:tests.LoginPageTest@6404f418]" started-at="2024-09-28T20:25:25 IST" name="setUp" finished-at="2024-09-28T20:25:29 IST" duration-ms="3373" status="PASS">
          <params>
            <param index="0">
              <value>
                <![CDATA[edge]]>
              </value>
            </param>
          </params>
          <reporter-output>
          </reporter-output>
        </test-method> <!-- setUp -->
        <test-method signature="loginError(java.lang.String,java.lang.String)[pri:3, instance:tests.LoginPageTest@6404f418]" started-at="2024-09-28T20:25:29 IST" name="loginError" data-provider="loginData" finished-at="2024-09-28T20:25:34 IST" duration-ms="5017" status="PASS">
          <params>
            <param index="0">
              <value>
                <![CDATA[rahul]]>
              </value>
            </param>
            <param index="1">
              <value>
                <![CDATA[]]>
              </value>
            </param>
          </params>
          <reporter-output>
          </reporter-output>
        </test-method> <!-- loginError -->
        <test-method is-config="true" signature="tearDown()[pri:0, instance:tests.LoginPageTest@6404f418]" started-at="2024-09-28T20:25:34 IST" name="tearDown" finished-at="2024-09-28T20:25:35 IST" duration-ms="1342" status="PASS">
          <reporter-output>
          </reporter-output>
        </test-method> <!-- tearDown -->
        <test-method is-config="true" signature="setUp(java.lang.String)[pri:0, instance:tests.LoginPageTest@6404f418]" started-at="2024-09-28T20:25:35 IST" name="setUp" finished-at="2024-09-28T20:25:38 IST" duration-ms="2884" status="PASS">
          <params>
            <param index="0">
              <value>
                <![CDATA[edge]]>
              </value>
            </param>
          </params>
          <reporter-output>
          </reporter-output>
        </test-method> <!-- setUp -->
        <test-method signature="loginError(java.lang.String,java.lang.String)[pri:3, instance:tests.LoginPageTest@6404f418]" started-at="2024-09-28T20:25:38 IST" name="loginError" data-provider="loginData" finished-at="2024-09-28T20:25:43 IST" duration-ms="4932" status="PASS">
          <params>
            <param index="0">
              <value>
                <![CDATA[]]>
              </value>
            </param>
            <param index="1">
              <value>
                <![CDATA[]]>
              </value>
            </param>
          </params>
          <reporter-output>
          </reporter-output>
        </test-method> <!-- loginError -->
        <test-method is-config="true" signature="tearDown()[pri:0, instance:tests.LoginPageTest@6404f418]" started-at="2024-09-28T20:25:43 IST" name="tearDown" finished-at="2024-09-28T20:25:44 IST" duration-ms="1378" status="PASS">
          <reporter-output>
          </reporter-output>
        </test-method> <!-- tearDown -->
      </class> <!-- tests.LoginPageTest -->
    </test> <!-- Edge_Test_Suite -->
    <test started-at="2024-09-28T20:21:52 IST" name="Firefox_Test_Suite" finished-at="2024-09-28T20:26:31 IST" duration-ms="278830">
      <class name="tests.PopularPageTest">
        <test-method is-config="true" signature="setUp(java.lang.String)[pri:0, instance:tests.PopularPageTest@4803b726]" started-at="2024-09-28T20:23:22 IST" name="setUp" finished-at="2024-09-28T20:23:41 IST" duration-ms="19191" status="PASS">
          <params>
            <param index="0">
              <value>
                <![CDATA[firefox]]>
              </value>
            </param>
          </params>
          <reporter-output>
          </reporter-output>
        </test-method> <!-- setUp -->
        <test-method signature="moviesDisplayStatus()[pri:1, instance:tests.PopularPageTest@4803b726]" started-at="2024-09-28T20:23:41 IST" name="moviesDisplayStatus" finished-at="2024-09-28T20:23:42 IST" duration-ms="1092" status="PASS">
          <reporter-output>
          </reporter-output>
        </test-method> <!-- moviesDisplayStatus -->
        <test-method is-config="true" signature="tearDown()[pri:0, instance:tests.PopularPageTest@4803b726]" started-at="2024-09-28T20:23:42 IST" name="tearDown" finished-at="2024-09-28T20:23:47 IST" duration-ms="4551" status="PASS">
          <reporter-output>
          </reporter-output>
        </test-method> <!-- tearDown -->
      </class> <!-- tests.PopularPageTest -->
      <class name="tests.HomePageTest">
        <test-method is-config="true" signature="setUp(java.lang.String)[pri:0, instance:tests.HomePageTest@17497425]" started-at="2024-09-28T20:22:31 IST" name="setUp" finished-at="2024-09-28T20:22:51 IST" duration-ms="19845" status="PASS">
          <params>
            <param index="0">
              <value>
                <![CDATA[firefox]]>
              </value>
            </param>
          </params>
          <reporter-output>
          </reporter-output>
        </test-method> <!-- setUp -->
        <test-method signature="isHomePageElementsDisplayed()[pri:1, instance:tests.HomePageTest@17497425]" started-at="2024-09-28T20:22:51 IST" name="isHomePageElementsDisplayed" finished-at="2024-09-28T20:22:56 IST" duration-ms="4752" status="PASS">
          <reporter-output>
          </reporter-output>
        </test-method> <!-- isHomePageElementsDisplayed -->
        <test-method is-config="true" signature="tearDown()[pri:0, instance:tests.HomePageTest@17497425]" started-at="2024-09-28T20:22:56 IST" name="tearDown" finished-at="2024-09-28T20:23:05 IST" duration-ms="9300" status="PASS">
          <reporter-output>
          </reporter-output>
        </test-method> <!-- tearDown -->
        <test-method is-config="true" signature="setUp(java.lang.String)[pri:0, instance:tests.HomePageTest@17497425]" started-at="2024-09-28T20:24:06 IST" name="setUp" finished-at="2024-09-28T20:24:18 IST" duration-ms="11390" status="PASS">
          <params>
            <param index="0">
              <value>
                <![CDATA[firefox]]>
              </value>
            </param>
          </params>
          <reporter-output>
          </reporter-output>
        </test-method> <!-- setUp -->
        <test-method signature="popularPageLinkCheck()[pri:2, instance:tests.HomePageTest@17497425]" started-at="2024-09-28T20:24:18 IST" name="popularPageLinkCheck" finished-at="2024-09-28T20:24:19 IST" duration-ms="1692" status="PASS">
          <reporter-output>
          </reporter-output>
        </test-method> <!-- popularPageLinkCheck -->
        <test-method is-config="true" signature="tearDown()[pri:0, instance:tests.HomePageTest@17497425]" started-at="2024-09-28T20:24:19 IST" name="tearDown" finished-at="2024-09-28T20:24:23 IST" duration-ms="3191" status="PASS">
          <reporter-output>
          </reporter-output>
        </test-method> <!-- tearDown -->
        <test-method is-config="true" signature="setUp(java.lang.String)[pri:0, instance:tests.HomePageTest@17497425]" started-at="2024-09-28T20:24:40 IST" name="setUp" finished-at="2024-09-28T20:24:52 IST" duration-ms="12440" status="PASS">
          <params>
            <param index="0">
              <value>
                <![CDATA[firefox]]>
              </value>
            </param>
          </params>
          <reporter-output>
          </reporter-output>
        </test-method> <!-- setUp -->
        <test-method signature="accountsPageLinkCheck()[pri:3, instance:tests.HomePageTest@17497425]" started-at="2024-09-28T20:24:52 IST" name="accountsPageLinkCheck" finished-at="2024-09-28T20:24:54 IST" duration-ms="1956" status="PASS">
          <reporter-output>
          </reporter-output>
        </test-method> <!-- accountsPageLinkCheck -->
        <test-method is-config="true" signature="tearDown()[pri:0, instance:tests.HomePageTest@17497425]" started-at="2024-09-28T20:24:54 IST" name="tearDown" finished-at="2024-09-28T20:24:59 IST" duration-ms="4669" status="PASS">
          <reporter-output>
          </reporter-output>
        </test-method> <!-- tearDown -->
        <test-method is-config="true" signature="setUp(java.lang.String)[pri:0, instance:tests.HomePageTest@17497425]" started-at="2024-09-28T20:26:05 IST" name="setUp" finished-at="2024-09-28T20:26:13 IST" duration-ms="8691" status="PASS">
          <params>
            <param index="0">
              <value>
                <![CDATA[firefox]]>
              </value>
            </param>
          </params>
          <reporter-output>
          </reporter-output>
        </test-method> <!-- setUp -->
        <test-method signature="homePageLinkCheck()[pri:4, instance:tests.HomePageTest@17497425]" started-at="2024-09-28T20:26:13 IST" name="homePageLinkCheck" finished-at="2024-09-28T20:26:15 IST" duration-ms="1316" status="PASS">
          <reporter-output>
          </reporter-output>
        </test-method> <!-- homePageLinkCheck -->
        <test-method is-config="true" signature="tearDown()[pri:0, instance:tests.HomePageTest@17497425]" started-at="2024-09-28T20:26:15 IST" name="tearDown" finished-at="2024-09-28T20:26:17 IST" duration-ms="2776" status="PASS">
          <reporter-output>
          </reporter-output>
        </test-method> <!-- tearDown -->
        <test-method is-config="true" signature="setUp(java.lang.String)[pri:0, instance:tests.HomePageTest@17497425]" started-at="2024-09-28T20:26:17 IST" name="setUp" finished-at="2024-09-28T20:26:26 IST" duration-ms="8183" status="PASS">
          <params>
            <param index="0">
              <value>
                <![CDATA[firefox]]>
              </value>
            </param>
          </params>
          <reporter-output>
          </reporter-output>
        </test-method> <!-- setUp -->
        <test-method signature="searchForAMovie()[pri:5, instance:tests.HomePageTest@17497425]" started-at="2024-09-28T20:26:26 IST" name="searchForAMovie" finished-at="2024-09-28T20:26:29 IST" duration-ms="2934" status="PASS">
          <reporter-output>
          </reporter-output>
        </test-method> <!-- searchForAMovie -->
        <test-method is-config="true" signature="tearDown()[pri:0, instance:tests.HomePageTest@17497425]" started-at="2024-09-28T20:26:29 IST" name="tearDown" finished-at="2024-09-28T20:26:31 IST" duration-ms="2069" status="PASS">
          <reporter-output>
          </reporter-output>
        </test-method> <!-- tearDown -->
      </class> <!-- tests.HomePageTest -->
      <class name="tests.AccountsPageTest">
        <test-method is-config="true" signature="setUp(java.lang.String)[pri:0, instance:tests.AccountsPageTest@ffaa6af]" started-at="2024-09-28T20:21:52 IST" name="setUp" finished-at="2024-09-28T20:22:24 IST" duration-ms="32592" status="PASS">
          <params>
            <param index="0">
              <value>
                <![CDATA[firefox]]>
              </value>
            </param>
          </params>
          <reporter-output>
          </reporter-output>
        </test-method> <!-- setUp -->
        <test-method signature="isAccountPageElementsDisplayed()[pri:1, instance:tests.AccountsPageTest@ffaa6af]" started-at="2024-09-28T20:22:24 IST" name="isAccountPageElementsDisplayed" finished-at="2024-09-28T20:22:25 IST" duration-ms="298" status="PASS">
          <reporter-output>
          </reporter-output>
        </test-method> <!-- isAccountPageElementsDisplayed -->
        <test-method is-config="true" signature="tearDown()[pri:0, instance:tests.AccountsPageTest@ffaa6af]" started-at="2024-09-28T20:22:25 IST" name="tearDown" finished-at="2024-09-28T20:22:31 IST" duration-ms="6623" status="PASS">
          <reporter-output>
          </reporter-output>
        </test-method> <!-- tearDown -->
        <test-method is-config="true" signature="setUp(java.lang.String)[pri:0, instance:tests.AccountsPageTest@ffaa6af]" started-at="2024-09-28T20:23:47 IST" name="setUp" finished-at="2024-09-28T20:24:02 IST" duration-ms="15533" status="PASS">
          <params>
            <param index="0">
              <value>
                <![CDATA[firefox]]>
              </value>
            </param>
          </params>
          <reporter-output>
          </reporter-output>
        </test-method> <!-- setUp -->
        <test-method signature="logoutFunctionality()[pri:2, instance:tests.AccountsPageTest@ffaa6af]" started-at="2024-09-28T20:24:02 IST" name="logoutFunctionality" finished-at="2024-09-28T20:24:02 IST" duration-ms="250" status="PASS">
          <reporter-output>
          </reporter-output>
        </test-method> <!-- logoutFunctionality -->
        <test-method is-config="true" signature="tearDown()[pri:0, instance:tests.AccountsPageTest@ffaa6af]" started-at="2024-09-28T20:24:02 IST" name="tearDown" finished-at="2024-09-28T20:24:06 IST" duration-ms="3907" status="PASS">
          <reporter-output>
          </reporter-output>
        </test-method> <!-- tearDown -->
      </class> <!-- tests.AccountsPageTest -->
      <class name="tests.LoginPageTest">
        <test-method is-config="true" signature="setUp(java.lang.String)[pri:0, instance:tests.LoginPageTest@f0da945]" started-at="2024-09-28T20:23:05 IST" name="setUp" finished-at="2024-09-28T20:23:15 IST" duration-ms="10027" status="PASS">
          <params>
            <param index="0">
              <value>
                <![CDATA[firefox]]>
              </value>
            </param>
          </params>
          <reporter-output>
          </reporter-output>
        </test-method> <!-- setUp -->
        <test-method signature="loginPageElementsStatus()[pri:1, instance:tests.LoginPageTest@f0da945]" started-at="2024-09-28T20:23:15 IST" name="loginPageElementsStatus" finished-at="2024-09-28T20:23:17 IST" duration-ms="2105" status="PASS">
          <reporter-output>
          </reporter-output>
        </test-method> <!-- loginPageElementsStatus -->
        <test-method is-config="true" signature="tearDown()[pri:0, instance:tests.LoginPageTest@f0da945]" started-at="2024-09-28T20:23:17 IST" name="tearDown" finished-at="2024-09-28T20:23:22 IST" duration-ms="4313" status="PASS">
          <reporter-output>
          </reporter-output>
        </test-method> <!-- tearDown -->
        <test-method is-config="true" signature="setUp(java.lang.String)[pri:0, instance:tests.LoginPageTest@f0da945]" started-at="2024-09-28T20:24:23 IST" name="setUp" finished-at="2024-09-28T20:24:33 IST" duration-ms="10299" status="PASS">
          <params>
            <param index="0">
              <value>
                <![CDATA[firefox]]>
              </value>
            </param>
          </params>
          <reporter-output>
          </reporter-output>
        </test-method> <!-- setUp -->
        <test-method signature="welcome()[pri:2, instance:tests.LoginPageTest@f0da945]" started-at="2024-09-28T20:24:33 IST" name="welcome" finished-at="2024-09-28T20:24:35 IST" duration-ms="2460" status="PASS">
          <reporter-output>
          </reporter-output>
        </test-method> <!-- welcome -->
        <test-method is-config="true" signature="tearDown()[pri:0, instance:tests.LoginPageTest@f0da945]" started-at="2024-09-28T20:24:35 IST" name="tearDown" finished-at="2024-09-28T20:24:40 IST" duration-ms="4206" status="PASS">
          <reporter-output>
          </reporter-output>
        </test-method> <!-- tearDown -->
        <test-method is-config="true" signature="setUp(java.lang.String)[pri:0, instance:tests.LoginPageTest@f0da945]" started-at="2024-09-28T20:24:59 IST" name="setUp" finished-at="2024-09-28T20:25:06 IST" duration-ms="7026" status="PASS">
          <params>
            <param index="0">
              <value>
                <![CDATA[firefox]]>
              </value>
            </param>
          </params>
          <reporter-output>
          </reporter-output>
        </test-method> <!-- setUp -->
        <test-method signature="loginError(java.lang.String,java.lang.String)[pri:3, instance:tests.LoginPageTest@f0da945]" started-at="2024-09-28T20:25:06 IST" name="loginError" data-provider="loginData" finished-at="2024-09-28T20:25:11 IST" duration-ms="5230" status="PASS">
          <params>
            <param index="0">
              <value>
                <![CDATA[rahul]]>
              </value>
            </param>
            <param index="1">
              <value>
                <![CDATA[rahul@2022]]>
              </value>
            </param>
          </params>
          <reporter-output>
          </reporter-output>
        </test-method> <!-- loginError -->
        <test-method is-config="true" signature="tearDown()[pri:0, instance:tests.LoginPageTest@f0da945]" started-at="2024-09-28T20:25:11 IST" name="tearDown" finished-at="2024-09-28T20:25:16 IST" duration-ms="5418" status="PASS">
          <reporter-output>
          </reporter-output>
        </test-method> <!-- tearDown -->
        <test-method is-config="true" signature="setUp(java.lang.String)[pri:0, instance:tests.LoginPageTest@f0da945]" started-at="2024-09-28T20:25:16 IST" name="setUp" finished-at="2024-09-28T20:25:23 IST" duration-ms="6756" status="PASS">
          <params>
            <param index="0">
              <value>
                <![CDATA[firefox]]>
              </value>
            </param>
          </params>
          <reporter-output>
          </reporter-output>
        </test-method> <!-- setUp -->
        <test-method signature="loginError(java.lang.String,java.lang.String)[pri:3, instance:tests.LoginPageTest@f0da945]" started-at="2024-09-28T20:25:23 IST" name="loginError" data-provider="loginData" finished-at="2024-09-28T20:25:26 IST" duration-ms="3198" status="PASS">
          <params>
            <param index="0">
              <value>
                <![CDATA[rahu]]>
              </value>
            </param>
            <param index="1">
              <value>
                <![CDATA[rahul@2021]]>
              </value>
            </param>
          </params>
          <reporter-output>
          </reporter-output>
        </test-method> <!-- loginError -->
        <test-method is-config="true" signature="tearDown()[pri:0, instance:tests.LoginPageTest@f0da945]" started-at="2024-09-28T20:25:26 IST" name="tearDown" finished-at="2024-09-28T20:25:29 IST" duration-ms="3083" status="PASS">
          <reporter-output>
          </reporter-output>
        </test-method> <!-- tearDown -->
        <test-method is-config="true" signature="setUp(java.lang.String)[pri:0, instance:tests.LoginPageTest@f0da945]" started-at="2024-09-28T20:25:29 IST" name="setUp" finished-at="2024-09-28T20:25:36 IST" duration-ms="6402" status="PASS">
          <params>
            <param index="0">
              <value>
                <![CDATA[firefox]]>
              </value>
            </param>
          </params>
          <reporter-output>
          </reporter-output>
        </test-method> <!-- setUp -->
        <test-method signature="loginError(java.lang.String,java.lang.String)[pri:3, instance:tests.LoginPageTest@f0da945]" started-at="2024-09-28T20:25:36 IST" name="loginError" data-provider="loginData" finished-at="2024-09-28T20:25:39 IST" duration-ms="2975" status="PASS">
          <params>
            <param index="0">
              <value>
                <![CDATA[]]>
              </value>
            </param>
            <param index="1">
              <value>
                <![CDATA[rahul@2021]]>
              </value>
            </param>
          </params>
          <reporter-output>
          </reporter-output>
        </test-method> <!-- loginError -->
        <test-method is-config="true" signature="tearDown()[pri:0, instance:tests.LoginPageTest@f0da945]" started-at="2024-09-28T20:25:39 IST" name="tearDown" finished-at="2024-09-28T20:25:41 IST" duration-ms="1841" status="PASS">
          <reporter-output>
          </reporter-output>
        </test-method> <!-- tearDown -->
        <test-method is-config="true" signature="setUp(java.lang.String)[pri:0, instance:tests.LoginPageTest@f0da945]" started-at="2024-09-28T20:25:41 IST" name="setUp" finished-at="2024-09-28T20:25:48 IST" duration-ms="7179" status="PASS">
          <params>
            <param index="0">
              <value>
                <![CDATA[firefox]]>
              </value>
            </param>
          </params>
          <reporter-output>
          </reporter-output>
        </test-method> <!-- setUp -->
        <test-method signature="loginError(java.lang.String,java.lang.String)[pri:3, instance:tests.LoginPageTest@f0da945]" started-at="2024-09-28T20:25:48 IST" name="loginError" data-provider="loginData" finished-at="2024-09-28T20:25:51 IST" duration-ms="2983" status="PASS">
          <params>
            <param index="0">
              <value>
                <![CDATA[rahul]]>
              </value>
            </param>
            <param index="1">
              <value>
                <![CDATA[]]>
              </value>
            </param>
          </params>
          <reporter-output>
          </reporter-output>
        </test-method> <!-- loginError -->
        <test-method is-config="true" signature="tearDown()[pri:0, instance:tests.LoginPageTest@f0da945]" started-at="2024-09-28T20:25:51 IST" name="tearDown" finished-at="2024-09-28T20:25:53 IST" duration-ms="2113" status="PASS">
          <reporter-output>
          </reporter-output>
        </test-method> <!-- tearDown -->
        <test-method is-config="true" signature="setUp(java.lang.String)[pri:0, instance:tests.LoginPageTest@f0da945]" started-at="2024-09-28T20:25:53 IST" name="setUp" finished-at="2024-09-28T20:26:00 IST" duration-ms="7622" status="PASS">
          <params>
            <param index="0">
              <value>
                <![CDATA[firefox]]>
              </value>
            </param>
          </params>
          <reporter-output>
          </reporter-output>
        </test-method> <!-- setUp -->
        <test-method signature="loginError(java.lang.String,java.lang.String)[pri:3, instance:tests.LoginPageTest@f0da945]" started-at="2024-09-28T20:26:00 IST" name="loginError" data-provider="loginData" finished-at="2024-09-28T20:26:03 IST" duration-ms="2726" status="PASS">
          <params>
            <param index="0">
              <value>
                <![CDATA[]]>
              </value>
            </param>
            <param index="1">
              <value>
                <![CDATA[]]>
              </value>
            </param>
          </params>
          <reporter-output>
          </reporter-output>
        </test-method> <!-- loginError -->
        <test-method is-config="true" signature="tearDown()[pri:0, instance:tests.LoginPageTest@f0da945]" started-at="2024-09-28T20:26:03 IST" name="tearDown" finished-at="2024-09-28T20:26:05 IST" duration-ms="1530" status="PASS">
          <reporter-output>
          </reporter-output>
        </test-method> <!-- tearDown -->
      </class> <!-- tests.LoginPageTest -->
    </test> <!-- Firefox_Test_Suite -->
  </suite> <!-- All Test Suite -->
</testng-results>
